[0.769s] Invoking command in '/home/mete/ros2_project/ros2bookcode/chapt6/imu_ws/src/motor_controller': PYTHONPATH=/home/mete/ros2_project/ros2bookcode/chapt6/imu_ws/build/motor_controller/prefix_override:/usr/lib/python3/dist-packages/colcon_core/task/python/colcon_distutils_commands:/home/mete/ros2_project/ros2bookcode/chapt6/imu_ws/install/motor_controller/lib/python3.10/site-packages:${PYTHONPATH} /usr/bin/python3 -W ignore:setup.py install is deprecated -W ignore:easy_install command is deprecated setup.py egg_info --egg-base ../../build/motor_controller build --build-base /home/mete/ros2_project/ros2bookcode/chapt6/imu_ws/build/motor_controller/build install --record /home/mete/ros2_project/ros2bookcode/chapt6/imu_ws/build/motor_controller/install.log --single-version-externally-managed install_data
[1.000s] running egg_info
[1.000s] writing ../../build/motor_controller/motor_controller.egg-info/PKG-INFO
[1.001s] writing dependency_links to ../../build/motor_controller/motor_controller.egg-info/dependency_links.txt
[1.001s] writing entry points to ../../build/motor_controller/motor_controller.egg-info/entry_points.txt
[1.001s] writing requirements to ../../build/motor_controller/motor_controller.egg-info/requires.txt
[1.001s] writing top-level names to ../../build/motor_controller/motor_controller.egg-info/top_level.txt
[1.003s] reading manifest file '../../build/motor_controller/motor_controller.egg-info/SOURCES.txt'
[1.004s] writing manifest file '../../build/motor_controller/motor_controller.egg-info/SOURCES.txt'
[1.004s] running build
[1.004s] running build_py
[1.004s] copying motor_controller/motor_controller_node.py -> /home/mete/ros2_project/ros2bookcode/chapt6/imu_ws/build/motor_controller/build/lib/motor_controller
[1.004s] running install
[1.005s] running install_lib
[1.006s] copying /home/mete/ros2_project/ros2bookcode/chapt6/imu_ws/build/motor_controller/build/lib/motor_controller/motor_controller_node.py -> /home/mete/ros2_project/ros2bookcode/chapt6/imu_ws/install/motor_controller/lib/python3.10/site-packages/motor_controller
[1.006s] byte-compiling /home/mete/ros2_project/ros2bookcode/chapt6/imu_ws/install/motor_controller/lib/python3.10/site-packages/motor_controller/motor_controller_node.py to motor_controller_node.cpython-310.pyc
[1.008s] running install_data
[1.008s] running install_egg_info
[1.009s] removing '/home/mete/ros2_project/ros2bookcode/chapt6/imu_ws/install/motor_controller/lib/python3.10/site-packages/motor_controller-0.0.0-py3.10.egg-info' (and everything under it)
[1.010s] Copying ../../build/motor_controller/motor_controller.egg-info to /home/mete/ros2_project/ros2bookcode/chapt6/imu_ws/install/motor_controller/lib/python3.10/site-packages/motor_controller-0.0.0-py3.10.egg-info
[1.012s] running install_scripts
[1.044s] Installing controller_bridge_node script to /home/mete/ros2_project/ros2bookcode/chapt6/imu_ws/install/motor_controller/lib/motor_controller
[1.045s] Installing motor_controller_node script to /home/mete/ros2_project/ros2bookcode/chapt6/imu_ws/install/motor_controller/lib/motor_controller
[1.045s] writing list of installed files to '/home/mete/ros2_project/ros2bookcode/chapt6/imu_ws/build/motor_controller/install.log'
[1.067s] Invoked command in '/home/mete/ros2_project/ros2bookcode/chapt6/imu_ws/src/motor_controller' returned '0': PYTHONPATH=/home/mete/ros2_project/ros2bookcode/chapt6/imu_ws/build/motor_controller/prefix_override:/usr/lib/python3/dist-packages/colcon_core/task/python/colcon_distutils_commands:/home/mete/ros2_project/ros2bookcode/chapt6/imu_ws/install/motor_controller/lib/python3.10/site-packages:${PYTHONPATH} /usr/bin/python3 -W ignore:setup.py install is deprecated -W ignore:easy_install command is deprecated setup.py egg_info --egg-base ../../build/motor_controller build --build-base /home/mete/ros2_project/ros2bookcode/chapt6/imu_ws/build/motor_controller/build install --record /home/mete/ros2_project/ros2bookcode/chapt6/imu_ws/build/motor_controller/install.log --single-version-externally-managed install_data
