/home/mete/ros2_project/ros2bookcode/chapt6/imu_ws/install/motor_controller/lib/python3.10/site-packages/motor_controller/motor_controller_node.py
/home/mete/ros2_project/ros2bookcode/chapt6/imu_ws/install/motor_controller/lib/python3.10/site-packages/motor_controller/controller_bridge_node.py
/home/mete/ros2_project/ros2bookcode/chapt6/imu_ws/install/motor_controller/lib/python3.10/site-packages/motor_controller/__init__.py
/home/mete/ros2_project/ros2bookcode/chapt6/imu_ws/install/motor_controller/lib/python3.10/site-packages/motor_controller/__pycache__/motor_controller_node.cpython-310.pyc
/home/mete/ros2_project/ros2bookcode/chapt6/imu_ws/install/motor_controller/lib/python3.10/site-packages/motor_controller/__pycache__/controller_bridge_node.cpython-310.pyc
/home/mete/ros2_project/ros2bookcode/chapt6/imu_ws/install/motor_controller/lib/python3.10/site-packages/motor_controller/__pycache__/__init__.cpython-310.pyc
/home/mete/ros2_project/ros2bookcode/chapt6/imu_ws/install/motor_controller/share/ament_index/resource_index/packages/motor_controller
/home/mete/ros2_project/ros2bookcode/chapt6/imu_ws/install/motor_controller/share/motor_controller/package.xml
/home/mete/ros2_project/ros2bookcode/chapt6/imu_ws/install/motor_controller/share/motor_controller/launch/bringup.launch.py
/home/mete/ros2_project/ros2bookcode/chapt6/imu_ws/install/motor_controller/share/motor_controller/urdf/yj_bot.urdf
/home/mete/ros2_project/ros2bookcode/chapt6/imu_ws/install/motor_controller/share/motor_controller/config/diff_drive_controller.yaml
/home/mete/ros2_project/ros2bookcode/chapt6/imu_ws/install/motor_controller/lib/python3.10/site-packages/motor_controller-0.0.0-py3.10.egg-info/requires.txt
/home/mete/ros2_project/ros2bookcode/chapt6/imu_ws/install/motor_controller/lib/python3.10/site-packages/motor_controller-0.0.0-py3.10.egg-info/entry_points.txt
/home/mete/ros2_project/ros2bookcode/chapt6/imu_ws/install/motor_controller/lib/python3.10/site-packages/motor_controller-0.0.0-py3.10.egg-info/top_level.txt
/home/mete/ros2_project/ros2bookcode/chapt6/imu_ws/install/motor_controller/lib/python3.10/site-packages/motor_controller-0.0.0-py3.10.egg-info/dependency_links.txt
/home/mete/ros2_project/ros2bookcode/chapt6/imu_ws/install/motor_controller/lib/python3.10/site-packages/motor_controller-0.0.0-py3.10.egg-info/PKG-INFO
/home/mete/ros2_project/ros2bookcode/chapt6/imu_ws/install/motor_controller/lib/python3.10/site-packages/motor_controller-0.0.0-py3.10.egg-info/zip-safe
/home/mete/ros2_project/ros2bookcode/chapt6/imu_ws/install/motor_controller/lib/python3.10/site-packages/motor_controller-0.0.0-py3.10.egg-info/SOURCES.txt
/home/mete/ros2_project/ros2bookcode/chapt6/imu_ws/install/motor_controller/lib/motor_controller/controller_bridge_node
/home/mete/ros2_project/ros2bookcode/chapt6/imu_ws/install/motor_controller/lib/motor_controller/motor_controller_node
