[0.540s] Invoking command in '/home/mete/ros2_project/ros2bookcode/chapt6/imu_ws/src/motor_controller': PYTHONPATH=/home/mete/ros2_project/ros2bookcode/chapt6/imu_ws/build/motor_controller/prefix_override:/usr/lib/python3/dist-packages/colcon_core/task/python/colcon_distutils_commands:/home/mete/ros2_project/ros2bookcode/chapt6/imu_ws/install/motor_controller/lib/python3.10/site-packages:${PYTHONPATH} /usr/bin/python3 -W ignore:setup.py install is deprecated -W ignore:easy_install command is deprecated setup.py egg_info --egg-base ../../build/motor_controller build --build-base /home/mete/ros2_project/ros2bookcode/chapt6/imu_ws/build/motor_controller/build install --record /home/mete/ros2_project/ros2bookcode/chapt6/imu_ws/build/motor_controller/install.log --single-version-externally-managed install_data
[0.752s] running egg_info
[0.752s] writing ../../build/motor_controller/motor_controller.egg-info/PKG-INFO
[0.752s] writing dependency_links to ../../build/motor_controller/motor_controller.egg-info/dependency_links.txt
[0.753s] writing entry points to ../../build/motor_controller/motor_controller.egg-info/entry_points.txt
[0.753s] writing requirements to ../../build/motor_controller/motor_controller.egg-info/requires.txt
[0.753s] writing top-level names to ../../build/motor_controller/motor_controller.egg-info/top_level.txt
[0.755s] reading manifest file '../../build/motor_controller/motor_controller.egg-info/SOURCES.txt'
[0.755s] writing manifest file '../../build/motor_controller/motor_controller.egg-info/SOURCES.txt'
[0.755s] running build
[0.756s] running build_py
[0.756s] copying motor_controller/controller_bridge_node.py -> /home/mete/ros2_project/ros2bookcode/chapt6/imu_ws/build/motor_controller/build/lib/motor_controller
[0.756s] running install
[0.756s] running install_lib
[0.757s] copying /home/mete/ros2_project/ros2bookcode/chapt6/imu_ws/build/motor_controller/build/lib/motor_controller/controller_bridge_node.py -> /home/mete/ros2_project/ros2bookcode/chapt6/imu_ws/install/motor_controller/lib/python3.10/site-packages/motor_controller
[0.758s] byte-compiling /home/mete/ros2_project/ros2bookcode/chapt6/imu_ws/install/motor_controller/lib/python3.10/site-packages/motor_controller/controller_bridge_node.py to controller_bridge_node.cpython-310.pyc
[0.759s] running install_data
[0.759s] running install_egg_info
[0.760s] removing '/home/mete/ros2_project/ros2bookcode/chapt6/imu_ws/install/motor_controller/lib/python3.10/site-packages/motor_controller-0.0.0-py3.10.egg-info' (and everything under it)
[0.761s] Copying ../../build/motor_controller/motor_controller.egg-info to /home/mete/ros2_project/ros2bookcode/chapt6/imu_ws/install/motor_controller/lib/python3.10/site-packages/motor_controller-0.0.0-py3.10.egg-info
[0.761s] running install_scripts
[0.781s] Installing controller_bridge_node script to /home/mete/ros2_project/ros2bookcode/chapt6/imu_ws/install/motor_controller/lib/motor_controller
[0.781s] Installing motor_controller_node script to /home/mete/ros2_project/ros2bookcode/chapt6/imu_ws/install/motor_controller/lib/motor_controller
[0.782s] writing list of installed files to '/home/mete/ros2_project/ros2bookcode/chapt6/imu_ws/build/motor_controller/install.log'
[0.800s] Invoked command in '/home/mete/ros2_project/ros2bookcode/chapt6/imu_ws/src/motor_controller' returned '0': PYTHONPATH=/home/mete/ros2_project/ros2bookcode/chapt6/imu_ws/build/motor_controller/prefix_override:/usr/lib/python3/dist-packages/colcon_core/task/python/colcon_distutils_commands:/home/mete/ros2_project/ros2bookcode/chapt6/imu_ws/install/motor_controller/lib/python3.10/site-packages:${PYTHONPATH} /usr/bin/python3 -W ignore:setup.py install is deprecated -W ignore:easy_install command is deprecated setup.py egg_info --egg-base ../../build/motor_controller build --build-base /home/mete/ros2_project/ros2bookcode/chapt6/imu_ws/build/motor_controller/build install --record /home/mete/ros2_project/ros2bookcode/chapt6/imu_ws/build/motor_controller/install.log --single-version-externally-managed install_data
