[0.693s] Invoking command in '/home/mete/ros2_project/ros2bookcode/chapt6/imu_ws/src/motor_controller': PYTHONPATH=/home/mete/ros2_project/ros2bookcode/chapt6/imu_ws/build/motor_controller/prefix_override:/usr/lib/python3/dist-packages/colcon_core/task/python/colcon_distutils_commands:/home/mete/ros2_project/ros2bookcode/chapt6/imu_ws/install/motor_controller/lib/python3.10/site-packages:${PYTHONPATH} /usr/bin/python3 -W ignore:setup.py install is deprecated -W ignore:easy_install command is deprecated setup.py egg_info --egg-base ../../build/motor_controller build --build-base /home/mete/ros2_project/ros2bookcode/chapt6/imu_ws/build/motor_controller/build install --record /home/mete/ros2_project/ros2bookcode/chapt6/imu_ws/build/motor_controller/install.log --single-version-externally-managed install_data
[0.880s] running egg_info
[0.881s] creating ../../build/motor_controller/motor_controller.egg-info
[0.881s] writing ../../build/motor_controller/motor_controller.egg-info/PKG-INFO
[0.881s] writing dependency_links to ../../build/motor_controller/motor_controller.egg-info/dependency_links.txt
[0.881s] writing entry points to ../../build/motor_controller/motor_controller.egg-info/entry_points.txt
[0.881s] writing requirements to ../../build/motor_controller/motor_controller.egg-info/requires.txt
[0.881s] writing top-level names to ../../build/motor_controller/motor_controller.egg-info/top_level.txt
[0.881s] writing manifest file '../../build/motor_controller/motor_controller.egg-info/SOURCES.txt'
[0.882s] reading manifest file '../../build/motor_controller/motor_controller.egg-info/SOURCES.txt'
[0.883s] writing manifest file '../../build/motor_controller/motor_controller.egg-info/SOURCES.txt'
[0.883s] running build
[0.883s] running build_py
[0.883s] creating /home/mete/ros2_project/ros2bookcode/chapt6/imu_ws/build/motor_controller/build
[0.883s] creating /home/mete/ros2_project/ros2bookcode/chapt6/imu_ws/build/motor_controller/build/lib
[0.884s] creating /home/mete/ros2_project/ros2bookcode/chapt6/imu_ws/build/motor_controller/build/lib/motor_controller
[0.884s] copying motor_controller/motor_controller_node.py -> /home/mete/ros2_project/ros2bookcode/chapt6/imu_ws/build/motor_controller/build/lib/motor_controller
[0.884s] copying motor_controller/__init__.py -> /home/mete/ros2_project/ros2bookcode/chapt6/imu_ws/build/motor_controller/build/lib/motor_controller
[0.884s] running install
[0.884s] running install_lib
[0.885s] creating /home/mete/ros2_project/ros2bookcode/chapt6/imu_ws/install/motor_controller/lib/python3.10/site-packages/motor_controller
[0.885s] copying /home/mete/ros2_project/ros2bookcode/chapt6/imu_ws/build/motor_controller/build/lib/motor_controller/motor_controller_node.py -> /home/mete/ros2_project/ros2bookcode/chapt6/imu_ws/install/motor_controller/lib/python3.10/site-packages/motor_controller
[0.885s] copying /home/mete/ros2_project/ros2bookcode/chapt6/imu_ws/build/motor_controller/build/lib/motor_controller/__init__.py -> /home/mete/ros2_project/ros2bookcode/chapt6/imu_ws/install/motor_controller/lib/python3.10/site-packages/motor_controller
[0.885s] byte-compiling /home/mete/ros2_project/ros2bookcode/chapt6/imu_ws/install/motor_controller/lib/python3.10/site-packages/motor_controller/motor_controller_node.py to motor_controller_node.cpython-310.pyc
[0.885s] byte-compiling /home/mete/ros2_project/ros2bookcode/chapt6/imu_ws/install/motor_controller/lib/python3.10/site-packages/motor_controller/__init__.py to __init__.cpython-310.pyc
[0.885s] running install_data
[0.886s] creating /home/mete/ros2_project/ros2bookcode/chapt6/imu_ws/install/motor_controller/share/ament_index
[0.886s] creating /home/mete/ros2_project/ros2bookcode/chapt6/imu_ws/install/motor_controller/share/ament_index/resource_index
[0.886s] creating /home/mete/ros2_project/ros2bookcode/chapt6/imu_ws/install/motor_controller/share/ament_index/resource_index/packages
[0.886s] copying resource/motor_controller -> /home/mete/ros2_project/ros2bookcode/chapt6/imu_ws/install/motor_controller/share/ament_index/resource_index/packages
[0.886s] copying package.xml -> /home/mete/ros2_project/ros2bookcode/chapt6/imu_ws/install/motor_controller/share/motor_controller
[0.886s] running install_egg_info
[0.887s] Copying ../../build/motor_controller/motor_controller.egg-info to /home/mete/ros2_project/ros2bookcode/chapt6/imu_ws/install/motor_controller/lib/python3.10/site-packages/motor_controller-0.0.0-py3.10.egg-info
[0.888s] running install_scripts
[0.905s] writing list of installed files to '/home/mete/ros2_project/ros2bookcode/chapt6/imu_ws/build/motor_controller/install.log'
[0.923s] Invoked command in '/home/mete/ros2_project/ros2bookcode/chapt6/imu_ws/src/motor_controller' returned '0': PYTHONPATH=/home/mete/ros2_project/ros2bookcode/chapt6/imu_ws/build/motor_controller/prefix_override:/usr/lib/python3/dist-packages/colcon_core/task/python/colcon_distutils_commands:/home/mete/ros2_project/ros2bookcode/chapt6/imu_ws/install/motor_controller/lib/python3.10/site-packages:${PYTHONPATH} /usr/bin/python3 -W ignore:setup.py install is deprecated -W ignore:easy_install command is deprecated setup.py egg_info --egg-base ../../build/motor_controller build --build-base /home/mete/ros2_project/ros2bookcode/chapt6/imu_ws/build/motor_controller/build install --record /home/mete/ros2_project/ros2bookcode/chapt6/imu_ws/build/motor_controller/install.log --single-version-externally-managed install_data
