[0.605s] Invoking command in '/home/mete/ros2_project/ros2bookcode/chapt6/imu_ws/src/motor_controller': PYTHONPATH=/home/mete/ros2_project/ros2bookcode/chapt6/imu_ws/build/motor_controller/prefix_override:/usr/lib/python3/dist-packages/colcon_core/task/python/colcon_distutils_commands:/home/mete/ros2_project/ros2bookcode/chapt6/imu_ws/install/motor_controller/lib/python3.10/site-packages:${PYTHONPATH} /usr/bin/python3 -W ignore:setup.py install is deprecated -W ignore:easy_install command is deprecated setup.py egg_info --egg-base ../../build/motor_controller build --build-base /home/mete/ros2_project/ros2bookcode/chapt6/imu_ws/build/motor_controller/build install --record /home/mete/ros2_project/ros2bookcode/chapt6/imu_ws/build/motor_controller/install.log --single-version-externally-managed install_data
[0.788s] running egg_info
[0.788s] writing ../../build/motor_controller/motor_controller.egg-info/PKG-INFO
[0.789s] writing dependency_links to ../../build/motor_controller/motor_controller.egg-info/dependency_links.txt
[0.789s] writing entry points to ../../build/motor_controller/motor_controller.egg-info/entry_points.txt
[0.789s] writing requirements to ../../build/motor_controller/motor_controller.egg-info/requires.txt
[0.789s] writing top-level names to ../../build/motor_controller/motor_controller.egg-info/top_level.txt
[0.791s] reading manifest file '../../build/motor_controller/motor_controller.egg-info/SOURCES.txt'
[0.791s] writing manifest file '../../build/motor_controller/motor_controller.egg-info/SOURCES.txt'
[0.792s] running build
[0.792s] running build_py
[0.792s] running install
[0.792s] running install_lib
[0.793s] running install_data
[0.793s] running install_egg_info
[0.794s] removing '/home/mete/ros2_project/ros2bookcode/chapt6/imu_ws/install/motor_controller/lib/python3.10/site-packages/motor_controller-0.0.0-py3.10.egg-info' (and everything under it)
[0.795s] Copying ../../build/motor_controller/motor_controller.egg-info to /home/mete/ros2_project/ros2bookcode/chapt6/imu_ws/install/motor_controller/lib/python3.10/site-packages/motor_controller-0.0.0-py3.10.egg-info
[0.796s] running install_scripts
[0.812s] Installing controller_bridge_node script to /home/mete/ros2_project/ros2bookcode/chapt6/imu_ws/install/motor_controller/lib/motor_controller
[0.813s] Installing motor_controller_node script to /home/mete/ros2_project/ros2bookcode/chapt6/imu_ws/install/motor_controller/lib/motor_controller
[0.813s] writing list of installed files to '/home/mete/ros2_project/ros2bookcode/chapt6/imu_ws/build/motor_controller/install.log'
[0.832s] Invoked command in '/home/mete/ros2_project/ros2bookcode/chapt6/imu_ws/src/motor_controller' returned '0': PYTHONPATH=/home/mete/ros2_project/ros2bookcode/chapt6/imu_ws/build/motor_controller/prefix_override:/usr/lib/python3/dist-packages/colcon_core/task/python/colcon_distutils_commands:/home/mete/ros2_project/ros2bookcode/chapt6/imu_ws/install/motor_controller/lib/python3.10/site-packages:${PYTHONPATH} /usr/bin/python3 -W ignore:setup.py install is deprecated -W ignore:easy_install command is deprecated setup.py egg_info --egg-base ../../build/motor_controller build --build-base /home/mete/ros2_project/ros2bookcode/chapt6/imu_ws/build/motor_controller/build install --record /home/mete/ros2_project/ros2bookcode/chapt6/imu_ws/build/motor_controller/install.log --single-version-externally-managed install_data
