[0.508s] Invoking command in '/home/mete/ros2_project/ros2bookcode/chapt6/imu_ws/src/motor_controller': PYTHONPATH=/home/mete/ros2_project/ros2bookcode/chapt6/imu_ws/build/motor_controller/prefix_override:/usr/lib/python3/dist-packages/colcon_core/task/python/colcon_distutils_commands:/home/mete/ros2_project/ros2bookcode/chapt6/imu_ws/install/motor_controller/lib/python3.10/site-packages:${PYTHONPATH} /usr/bin/python3 -W ignore:setup.py install is deprecated -W ignore:easy_install command is deprecated setup.py egg_info --egg-base ../../build/motor_controller build --build-base /home/mete/ros2_project/ros2bookcode/chapt6/imu_ws/build/motor_controller/build install --record /home/mete/ros2_project/ros2bookcode/chapt6/imu_ws/build/motor_controller/install.log --single-version-externally-managed install_data
[0.698s] running egg_info
[0.699s] writing ../../build/motor_controller/motor_controller.egg-info/PKG-INFO
[0.699s] writing dependency_links to ../../build/motor_controller/motor_controller.egg-info/dependency_links.txt
[0.699s] writing entry points to ../../build/motor_controller/motor_controller.egg-info/entry_points.txt
[0.699s] writing requirements to ../../build/motor_controller/motor_controller.egg-info/requires.txt
[0.699s] writing top-level names to ../../build/motor_controller/motor_controller.egg-info/top_level.txt
[0.701s] reading manifest file '../../build/motor_controller/motor_controller.egg-info/SOURCES.txt'
[0.701s] writing manifest file '../../build/motor_controller/motor_controller.egg-info/SOURCES.txt'
[0.701s] running build
[0.702s] running build_py
[0.702s] copying motor_controller/motor_controller_node.py -> /home/mete/ros2_project/ros2bookcode/chapt6/imu_ws/build/motor_controller/build/lib/motor_controller
[0.702s] running install
[0.702s] running install_lib
[0.703s] copying /home/mete/ros2_project/ros2bookcode/chapt6/imu_ws/build/motor_controller/build/lib/motor_controller/motor_controller_node.py -> /home/mete/ros2_project/ros2bookcode/chapt6/imu_ws/install/motor_controller/lib/python3.10/site-packages/motor_controller
[0.703s] byte-compiling /home/mete/ros2_project/ros2bookcode/chapt6/imu_ws/install/motor_controller/lib/python3.10/site-packages/motor_controller/motor_controller_node.py to motor_controller_node.cpython-310.pyc
[0.704s] running install_data
[0.704s] running install_egg_info
[0.706s] removing '/home/mete/ros2_project/ros2bookcode/chapt6/imu_ws/install/motor_controller/lib/python3.10/site-packages/motor_controller-0.0.0-py3.10.egg-info' (and everything under it)
[0.706s] Copying ../../build/motor_controller/motor_controller.egg-info to /home/mete/ros2_project/ros2bookcode/chapt6/imu_ws/install/motor_controller/lib/python3.10/site-packages/motor_controller-0.0.0-py3.10.egg-info
[0.707s] running install_scripts
[0.725s] Installing motor_controller_node script to /home/mete/ros2_project/ros2bookcode/chapt6/imu_ws/install/motor_controller/lib/motor_controller
[0.725s] writing list of installed files to '/home/mete/ros2_project/ros2bookcode/chapt6/imu_ws/build/motor_controller/install.log'
[0.743s] Invoked command in '/home/mete/ros2_project/ros2bookcode/chapt6/imu_ws/src/motor_controller' returned '0': PYTHONPATH=/home/mete/ros2_project/ros2bookcode/chapt6/imu_ws/build/motor_controller/prefix_override:/usr/lib/python3/dist-packages/colcon_core/task/python/colcon_distutils_commands:/home/mete/ros2_project/ros2bookcode/chapt6/imu_ws/install/motor_controller/lib/python3.10/site-packages:${PYTHONPATH} /usr/bin/python3 -W ignore:setup.py install is deprecated -W ignore:easy_install command is deprecated setup.py egg_info --egg-base ../../build/motor_controller build --build-base /home/mete/ros2_project/ros2bookcode/chapt6/imu_ws/build/motor_controller/build install --record /home/mete/ros2_project/ros2bookcode/chapt6/imu_ws/build/motor_controller/install.log --single-version-externally-managed install_data
